#-----------------------------------------------------------
# Vivado v2020.1 (64-bit)
# SW Build 2902540 on Wed May 27 19:54:49 MDT 2020
# IP Build 2902112 on Wed May 27 22:43:36 MDT 2020
# Start of session at: Fri Nov 27 22:11:40 2020
# Process ID: 21520
# Current directory: C:/Users/86134/Desktop/JKAdder
# Command line: vivado.exe -gui_launcher_event rodinguilauncherevent20724 C:\Users\86134\Desktop\JKAdder\JKAdder.xpr
# Log file: C:/Users/86134/Desktop/JKAdder/vivado.log
# Journal file: C:/Users/86134/Desktop/JKAdder\vivado.jou
#-----------------------------------------------------------
start_gui
open_project C:/Users/86134/Desktop/JKAdder/JKAdder.xpr
Scanning sources...
Finished scanning sources
INFO: [IP_Flow 19-234] Refreshing IP repositories
INFO: [IP_Flow 19-1704] No user IP repositories specified
INFO: [IP_Flow 19-2313] Loaded Vivado IP repository 'D:/Vivado/2020.1/data/ip'.
open_project: Time (s): cpu = 00:00:13 ; elapsed = 00:00:06 . Memory (MB): peak = 1034.707 ; gain = 0.000
update_compile_order -fileset sources_1
exit
INFO: [Common 17-206] Exiting Vivado at Fri Nov 27 23:15:50 2020...
