#-----------------------------------------------------------
# Vivado v2020.1 (64-bit)
# SW Build 2902540 on Wed May 27 19:54:49 MDT 2020
# IP Build 2902112 on Wed May 27 22:43:36 MDT 2020
# Start of session at: Sat Nov 28 09:05:13 2020
# Process ID: 15548
# Current directory: C:/Users/86134/Desktop/Beating
# Command line: vivado.exe -gui_launcher_event rodinguilauncherevent17760 C:\Users\86134\Desktop\Beating\Beating.xpr
# Log file: C:/Users/86134/Desktop/Beating/vivado.log
# Journal file: C:/Users/86134/Desktop/Beating\vivado.jou
#-----------------------------------------------------------
start_gui
open_project C:/Users/86134/Desktop/Beating/Beating.xpr
Scanning sources...
Finished scanning sources
INFO: [IP_Flow 19-234] Refreshing IP repositories
INFO: [IP_Flow 19-1700] Loaded user IP repository 'c:/Users/86134/Desktop/DFlip/DFlip.srcs'.
INFO: [IP_Flow 19-2313] Loaded Vivado IP repository 'D:/Vivado/2020.1/data/ip'.
open_project: Time (s): cpu = 00:00:18 ; elapsed = 00:00:09 . Memory (MB): peak = 1035.734 ; gain = 0.000
update_compile_order -fileset sources_1
launch_simulation
Command: launch_simulation 
WARNING: [BD 41-1731] Type mismatch between connected pins: /FlipD_0/q(undef) and /FlipD_1/clk(clk)
INFO: [Vivado 12-5682] Launching behavioral simulation in 'C:/Users/86134/Desktop/Beating/Beating.sim/sim_1/behav/xsim'
INFO: [Vivado 12-4795] Using compiled simulation libraries for IPs
INFO: [SIM-utils-51] Simulation object is 'sim_1'
INFO: [USF-XSim-7] Finding pre-compiled libraries...
INFO: [USF-XSim-11] File 'D:/Vivado/2020.1/data/xsim/xsim.ini' copied to run dir:'C:/Users/86134/Desktop/Beating/Beating.sim/sim_1/behav/xsim'
INFO: [SIM-utils-54] Inspecting design source files for 'BeatSim' in fileset 'sim_1'...
INFO: [USF-XSim-97] Finding global include files...
INFO: [USF-XSim-98] Fetching design files from 'sim_1'...
INFO: [USF-XSim-2] XSim::Compile design
INFO: [USF-XSim-61] Executing 'COMPILE and ANALYZE' step in 'C:/Users/86134/Desktop/Beating/Beating.sim/sim_1/behav/xsim'
"xvlog --incr --relax -prj BeatSim_vlog.prj"
INFO: [USF-XSim-69] 'compile' step finished in '2' seconds
INFO: [USF-XSim-3] XSim::Elaborate design
INFO: [USF-XSim-61] Executing 'ELABORATE' step in 'C:/Users/86134/Desktop/Beating/Beating.sim/sim_1/behav/xsim'
"xelab -wto 7b685980fcf44dfc98df799c9ac52064 --incr --debug typical --relax --mt 2 -L xil_defaultlib -L util_vector_logic_v2_0_1 -L unisims_ver -L unimacro_ver -L secureip -L xpm --snapshot BeatSim_behav xil_defaultlib.BeatSim xil_defaultlib.glbl -log elaborate.log"
Vivado Simulator 2020.1
Copyright 1986-1999, 2001-2020 Xilinx, Inc. All Rights Reserved.
Running: D:/Vivado/2020.1/bin/unwrapped/win64.o/xelab.exe -wto 7b685980fcf44dfc98df799c9ac52064 --incr --debug typical --relax --mt 2 -L xil_defaultlib -L util_vector_logic_v2_0_1 -L unisims_ver -L unimacro_ver -L secureip -L xpm --snapshot BeatSim_behav xil_defaultlib.BeatSim xil_defaultlib.glbl -log elaborate.log 
Using 2 slave threads.
Starting static elaboration
Pass Through NonSizing Optimizer
Completed static elaboration
INFO: [XSIM 43-4323] No Change in HDL. Linking previously generated obj files to create kernel
INFO: [USF-XSim-69] 'elaborate' step finished in '2' seconds
INFO: [USF-XSim-4] XSim::Simulate design
INFO: [USF-XSim-61] Executing 'SIMULATE' step in 'C:/Users/86134/Desktop/Beating/Beating.sim/sim_1/behav/xsim'
INFO: [USF-XSim-98] *** Running xsim
   with args "BeatSim_behav -key {Behavioral:sim_1:Functional:BeatSim} -tclbatch {BeatSim.tcl} -protoinst "protoinst_files/design_1.protoinst" -log {simulate.log}"
INFO: [USF-XSim-8] Loading simulator feature
Vivado Simulator 2020.1
INFO: [Wavedata 42-565] Reading protoinst file protoinst_files/design_1.protoinst
Time resolution is 1 ps
source BeatSim.tcl
# set curr_wave [current_wave_config]
# if { [string length $curr_wave] == 0 } {
#   if { [llength [get_objects]] > 0} {
#     add_wave /
#     set_property needs_save false [current_wave_config]
#   } else {
#      send_msg_id Add_Wave-1 WARNING "No top level signals found. Simulator will start without a wave window. If you want to open a wave window go to 'File->New Waveform Configuration' or type 'create_wave_config' in the TCL console."
#   }
# }
# run 1000ns
INFO: [USF-XSim-96] XSim completed. Design snapshot 'BeatSim_behav' loaded.
INFO: [USF-XSim-97] XSim simulation ran for 1000ns
launch_simulation: Time (s): cpu = 00:00:10 ; elapsed = 00:00:12 . Memory (MB): peak = 1035.734 ; gain = 0.000
close_sim
INFO: [Simtcl 6-16] Simulation closed
exit
INFO: [Common 17-206] Exiting Vivado at Sat Nov 28 10:32:33 2020...
