#-----------------------------------------------------------
# Vivado v2020.1 (64-bit)
# SW Build 2902540 on Wed May 27 19:54:49 MDT 2020
# IP Build 2902112 on Wed May 27 22:43:36 MDT 2020
# Start of session at: Sat Nov 28 10:37:00 2020
# Process ID: 22784
# Current directory: C:/Users/86134/Desktop/Beating
# Command line: vivado.exe -gui_launcher_event rodinguilauncherevent4984 C:\Users\86134\Desktop\Beating\Beating.xpr
# Log file: C:/Users/86134/Desktop/Beating/vivado.log
# Journal file: C:/Users/86134/Desktop/Beating\vivado.jou
#-----------------------------------------------------------
start_gui
open_project C:/Users/86134/Desktop/Beating/Beating.xpr
Scanning sources...
Finished scanning sources
INFO: [IP_Flow 19-234] Refreshing IP repositories
INFO: [IP_Flow 19-1700] Loaded user IP repository 'c:/Users/86134/Desktop/DFlip/DFlip.srcs'.
INFO: [IP_Flow 19-2313] Loaded Vivado IP repository 'D:/Vivado/2020.1/data/ip'.
open_project: Time (s): cpu = 00:00:17 ; elapsed = 00:00:08 . Memory (MB): peak = 1035.398 ; gain = 0.000
update_compile_order -fileset sources_1
open_bd_design {C:/Users/86134/Desktop/Beating/Beating.srcs/sources_1/bd/design_1/design_1.bd}
Adding component instance block -- xilinx.com:user:FlipD:1.0 - FlipD_0
Adding component instance block -- xilinx.com:user:FlipD:1.0 - FlipD_1
Adding component instance block -- xilinx.com:ip:util_vector_logic:2.0 - util_vector_logic_0
Adding component instance block -- xilinx.com:ip:util_vector_logic:2.0 - util_vector_logic_1
Adding component instance block -- xilinx.com:ip:util_vector_logic:2.0 - util_vector_logic_2
Adding component instance block -- xilinx.com:ip:util_vector_logic:2.0 - util_vector_logic_3
Adding component instance block -- xilinx.com:ip:util_vector_logic:2.0 - util_vector_logic_4
Adding component instance block -- xilinx.com:ip:util_vector_logic:2.0 - util_vector_logic_5
WARNING: [BD 41-1731] Type mismatch between connected pins: /FlipD_0/q(undef) and /FlipD_1/clk(clk)
Successfully read diagram <design_1> from BD file <C:/Users/86134/Desktop/Beating/Beating.srcs/sources_1/bd/design_1/design_1.bd>
open_bd_design: Time (s): cpu = 00:00:09 ; elapsed = 00:00:05 . Memory (MB): peak = 1035.398 ; gain = 0.000
open_bd_design {C:/Users/86134/Desktop/Beating/Beating.srcs/sources_1/bd/design_1/design_1.bd}
startgroup
create_bd_port -dir O -from 0 -to 0 Res_4
connect_bd_net [get_bd_pins /util_vector_logic_2/Res] [get_bd_ports Res_4]
endgroup
delete_bd_objs [get_bd_ports Res_4]
save_bd_design
Wrote  : <C:\Users\86134\Desktop\Beating\Beating.srcs\sources_1\bd\design_1\design_1.bd> 
exit
INFO: [Common 17-206] Exiting Vivado at Sat Nov 28 10:42:52 2020...
